<?xml version="1.0" encoding="UTF-8"?>
<!-- Generated by org.testng.reporters.JUnitReportReporter -->
<testsuite hostname="DESKTOP-LVT8GR2" failures="0" tests="2" name="Seleleniumproject.Standalonetest" time="6.710" errors="0" timestamp="2024-03-16T03:54:38 GMT-07:00" skipped="0">
  <testcase classname="Seleleniumproject.Standalonetest" name="signIn" time="6.602"/>
  <testcase classname="Seleleniumproject.Standalonetest" name="subscribe" time="0.108"/>
</testsuite> <!-- Seleleniumproject.Standalonetest -->
