<?xml version="1.0" encoding="UTF-8"?>
<!-- Generated by org.testng.reporters.JUnitReportReporter -->
<testsuite hostname="DESKTOP-LVT8GR2" failures="0" tests="2" name="Seleleniumproject.Standalonetest" time="7.794" errors="0" timestamp="2024-03-16T04:17:02 GMT-07:00" skipped="0">
  <testcase classname="Seleleniumproject.Standalonetest" name="signIn" time="7.692"/>
  <testcase classname="Seleleniumproject.Standalonetest" name="subscribe" time="0.102"/>
</testsuite> <!-- Seleleniumproject.Standalonetest -->
